{"uuid":"b1d76526-f878-4c43-9f33-663e7d58d271","historyId":"ddea15082fce9cd90b5c547c8cc5e223","fullName":"src/main/resources/features/F01_NumberOfRecords.feature:13","labels":[{"name":"host","value":"Tech-Mali"},{"name":"thread","value":"14284@Tech-Mali.main(1)"},{"name":"feature","value":"Verify Number of Records after Adding/Removing one"},{"name":"story","value":"Add new Record and Verify Number of Records"},{"name":"suite","value":"Verify Number of Records after Adding/Removing one"},{"name":"testClass","value":"Add new Record and Verify Number of Records"},{"name":"framework","value":"cucumber4jvm"},{"name":"language","value":"java"},{"name":"gherkin_uri","value":"file:///E:/Career/Task/FlairsTech/Auotmation_Assessment_Mohamed_Magdi/src/main/resources/features/F01_NumberOfRecords.feature"},{"name":"package","value":"src.main.resources.features.F01_NumberOfRecords_feature.Verify Number of Records after Adding/Removing one"}],"links":[],"name":"Add new Record and Verify Number of Records","status":"broken","statusDetails":{"known":false,"muted":false,"flaky":false,"message":"Unable to find element with locator By.xpath: //span[@class=\"oxd-text oxd-text--span\"]\nFor documentation on this error, please visit: https://www.selenium.dev/documentation/webdriver/troubleshooting/errors#no-such-element-exception\nBuild info: version: '4.15.0', revision: '1d14b5521b'\nSystem info: os.name: 'Windows 11', os.arch: 'amd64', os.version: '10.0', java.version: '19.0.2'\nDriver info: driver.version: RemoteWebDriver","trace":"org.openqa.selenium.NoSuchElementException: Unable to find element with locator By.xpath: //span[@class=\"oxd-text oxd-text--span\"]\nFor documentation on this error, please visit: https://www.selenium.dev/documentation/webdriver/troubleshooting/errors#no-such-element-exception\nBuild info: version: '4.15.0', revision: '1d14b5521b'\nSystem info: os.name: 'Windows 11', os.arch: 'amd64', os.version: '10.0', java.version: '19.0.2'\nDriver info: driver.version: RemoteWebDriver\r\n\tat org.openqa.selenium.remote.ElementLocation$ElementFinder$2.findElement(ElementLocation.java:168)\r\n\tat org.openqa.selenium.remote.ElementLocation.findElement(ElementLocation.java:59)\r\n\tat org.openqa.selenium.remote.RemoteWebDriver.findElement(RemoteWebDriver.java:364)\r\n\tat org.openqa.selenium.remote.RemoteWebDriver.findElement(RemoteWebDriver.java:358)\r\n\tat Pages.P03_AdminPage.getNumberOfRecordsEle(P03_AdminPage.java:82)\r\n\tat Pages.P03_AdminPage.getNumberOfRecords(P03_AdminPage.java:109)\r\n\tat org.example.StepDefinition.D01_NumberOfRecords.verifyNumberOfRecordsIncreasedBy(D01_NumberOfRecords.java:84)\r\n\tat ✽.Verify number of records increased by 1(file:///E:/Career/Task/FlairsTech/Auotmation_Assessment_Mohamed_Magdi/src/main/resources/features/F01_NumberOfRecords.feature:17)\r\n"},"stage":"finished","steps":[{"name":"Given  user click on Add Button","status":"passed","statusDetails":{"known":false,"muted":false,"flaky":false},"stage":"finished","steps":[],"attachments":[],"parameters":[],"start":1713111321831,"stop":1713111322206},{"name":"When  user fill the required data","status":"passed","statusDetails":{"known":false,"muted":false,"flaky":false},"stage":"finished","steps":[],"attachments":[],"parameters":[],"start":1713111322206,"stop":1713111324851},{"name":"And  user click on Save Button","status":"passed","statusDetails":{"known":false,"muted":false,"flaky":false},"stage":"finished","steps":[],"attachments":[],"parameters":[],"start":1713111324851,"stop":1713111326388},{"name":"Then  Verify number of records increased by 1","status":"broken","statusDetails":{"known":false,"muted":false,"flaky":false,"message":"Unable to find element with locator By.xpath: //span[@class=\"oxd-text oxd-text--span\"]\nFor documentation on this error, please visit: https://www.selenium.dev/documentation/webdriver/troubleshooting/errors#no-such-element-exception\nBuild info: version: '4.15.0', revision: '1d14b5521b'\nSystem info: os.name: 'Windows 11', os.arch: 'amd64', os.version: '10.0', java.version: '19.0.2'\nDriver info: driver.version: RemoteWebDriver","trace":"org.openqa.selenium.NoSuchElementException: Unable to find element with locator By.xpath: //span[@class=\"oxd-text oxd-text--span\"]\nFor documentation on this error, please visit: https://www.selenium.dev/documentation/webdriver/troubleshooting/errors#no-such-element-exception\nBuild info: version: '4.15.0', revision: '1d14b5521b'\nSystem info: os.name: 'Windows 11', os.arch: 'amd64', os.version: '10.0', java.version: '19.0.2'\nDriver info: driver.version: RemoteWebDriver\r\n\tat org.openqa.selenium.remote.ElementLocation$ElementFinder$2.findElement(ElementLocation.java:168)\r\n\tat org.openqa.selenium.remote.ElementLocation.findElement(ElementLocation.java:59)\r\n\tat org.openqa.selenium.remote.RemoteWebDriver.findElement(RemoteWebDriver.java:364)\r\n\tat org.openqa.selenium.remote.RemoteWebDriver.findElement(RemoteWebDriver.java:358)\r\n\tat Pages.P03_AdminPage.getNumberOfRecordsEle(P03_AdminPage.java:82)\r\n\tat Pages.P03_AdminPage.getNumberOfRecords(P03_AdminPage.java:109)\r\n\tat org.example.StepDefinition.D01_NumberOfRecords.verifyNumberOfRecordsIncreasedBy(D01_NumberOfRecords.java:84)\r\n\tat ✽.Verify number of records increased by 1(file:///E:/Career/Task/FlairsTech/Auotmation_Assessment_Mohamed_Magdi/src/main/resources/features/F01_NumberOfRecords.feature:17)\r\n"},"stage":"finished","steps":[],"attachments":[],"parameters":[],"start":1713111326390,"stop":1713111333643}],"attachments":[],"parameters":[],"start":1713111321830,"stop":1713111333647}